<?xml version="1.0" encoding="UTF-8"?>
<testng-results ignored="0" total="1" passed="1" failed="0" skipped="0">
  <reporter-output>
  </reporter-output>
  <suite started-at="2023-03-24T00:36:05 EDT" name="Default suite" finished-at="2023-03-24T00:36:05 EDT" duration-ms="51">
    <groups>
    </groups>
    <test started-at="2023-03-24T00:36:05 EDT" name="Default test" finished-at="2023-03-24T00:36:05 EDT" duration-ms="51">
      <class name="misc.Misc">
        <test-method signature="base64Convertion()[pri:0, instance:misc.Misc@22e357dc]" started-at="2023-03-24T00:36:05 EDT" name="base64Convertion" finished-at="2023-03-24T00:36:05 EDT" duration-ms="17" status="PASS">
          <reporter-output>
          </reporter-output>
        </test-method> <!-- base64Convertion -->
      </class> <!-- misc.Misc -->
    </test> <!-- Default test -->
  </suite> <!-- Default suite -->
</testng-results>
